#
# There is insufficient memory for the Java Runtime Environment to continue.
# Native memory allocation (mmap) failed to map 132120576 bytes for Failed to commit area from 0x0000000082000000 to 0x0000000089e00000 of length 132120576.
# Possible reasons:
#   The system is out of physical RAM or swap space
#   The process is running with CompressedOops enabled, and the Java Heap may be blocking the growth of the native heap
# Possible solutions:
#   Reduce memory load on the system
#   Increase physical memory or swap space
#   Check if swap backing store is full
#   Decrease Java heap size (-Xmx/-Xms)
#   Decrease number of Java threads
#   Decrease Java thread stack sizes (-Xss)
#   Set larger code cache with -XX:ReservedCodeCacheSize=
#   JVM is running with Unscaled Compressed Oops mode in which the Java heap is
#     placed in the first 4GB address space. The Java Heap base address is the
#     maximum limit for the native heap growth. Please use -XX:HeapBaseMinAddress
#     to set the Java Heap base and to place the Java Heap above 4GB virtual address.
# This output file may be truncated or incomplete.
#
#  Out of Memory Error (./open/src/hotspot/os/windows/os_windows.cpp:3315), pid=3524, tid=12172
#
# JRE version:  (14.0.2+12) (build )
# Java VM: Java HotSpot(TM) 64-Bit Server VM (14.0.2+12-46, mixed mode, sharing, tiered, compressed oops, g1 gc, windows-amd64)
# No core dump will be written. Minidumps are not enabled by default on client versions of Windows
#

---------------  S U M M A R Y ------------

Command Line: -Dfile.encoding=UTF-8 --module-path=E:\Documents\Hoc Online HUST\MiniProject\miniprojectJava\mysql-connector-java-5.1.39-bin.jar -XX:+ShowCodeDetailsInExceptionMessages controllers.layout

Host: Intel(R) Core(TM) i7-7500U CPU @ 2.70GHz, 4 cores, 7G,  Windows 10 , 64 bit Build 18362 (10.0.18362.1110)
Time: Mon Dec 14 10:48:16 2020 Altai Standard Time elapsed time: 0 seconds (0d 0h 0m 0s)

---------------  T H R E A D  ---------------

Current thread (0x00000227f9b3a800):  JavaThread "Unknown thread" [_thread_in_vm, id=12172, stack(0x000000936d300000,0x000000936d400000)]

Stack: [0x000000936d300000,0x000000936d400000]
Native frames: (J=compiled Java code, j=interpreted, Vv=VM code, C=native code)
V  [jvm.dll+0x5f8a9a]
V  [jvm.dll+0x74247a]
V  [jvm.dll+0x743c2f]
V  [jvm.dll+0x744273]
V  [jvm.dll+0x20d288]
V  [jvm.dll+0x5f5dea]
V  [jvm.dll+0x5eac45]
V  [jvm.dll+0x2c7e9c]
V  [jvm.dll+0x2c7cd2]
V  [jvm.dll+0x2cdbbc]
V  [jvm.dll+0x313fe8]
V  [jvm.dll+0x313710]
V  [jvm.dll+0x2a092a]
V  [jvm.dll+0x2a1a79]
V  [jvm.dll+0x71fd48]
V  [jvm.dll+0x321c14]
V  [jvm.dll+0x70112c]
V  [jvm.dll+0x392def]
V  [jvm.dll+0x394e61]
C  [jli.dll+0x524b]
C  [ucrtbase.dll+0x210b2]
C  [KERNEL32.DLL+0x17c24]
C  [ntdll.dll+0x6d4d1]


---------------  P R O C E S S  ---------------

Threads class SMR info:
_java_thread_list=0x00007ffa88da3038, length=0, elements={
}

Java Threads: ( => current thread )

Other Threads:
  0x00000227f9b7d000 GCTaskThread "GC Thread#0" [stack: 0x000000936d400000,0x000000936d500000] [id=19328]
  0x00000227f9b8f000 ConcurrentGCThread "G1 Main Marker" [stack: 0x000000936d500000,0x000000936d600000] [id=8916]
  0x00000227f9b91000 ConcurrentGCThread "G1 Conc#0" [stack: 0x000000936d600000,0x000000936d700000] [id=4372]

[error occurred during error reporting (printing all threads), id 0xc0000005, EXCEPTION_ACCESS_VIOLATION (0xc0000005) at pc=0x00007ffa885d1257]

VM state:not at safepoint (not fully initialized)

VM Mutex/Monitor currently owned by a thread:  ([mutex/lock_event])
[0x00000227f9b36dc0] Heap_lock - owner thread: 0x00000227f9b3a800

Heap address: 0x0000000082000000, size: 2016 MB, Compressed Oops mode: 32-bit
Narrow klass base: 0x0000000000000000, Narrow klass shift: 0

GC Heap History (0 events):
No events

Deoptimization events (0 events):
No events

Classes unloaded (0 events):
No events

Classes redefined (0 events):
No events

Internal exceptions (0 events):
No events

Events (2 events):
Event: 0.008 Loaded shared library C:\Program Files\Java\jdk-14.0.2\bin\java.dll
Event: 0.008 Loaded shared library C:\Program Files\Java\jdk-14.0.2\bin\zip.dll


Dynamic libraries:
0x00007ff704f80000 - 0x00007ff704f8f000 	C:\Program Files\Java\jdk-14.0.2\bin\javaw.exe
0x00007ffb10540000 - 0x00007ffb10730000 	C:\Windows\SYSTEM32\ntdll.dll
0x00007ffb0f590000 - 0x00007ffb0f642000 	C:\Windows\System32\KERNEL32.DLL
0x00007ffb0e0c0000 - 0x00007ffb0e365000 	C:\Windows\System32\KERNELBASE.dll
0x00007ffb0e3a0000 - 0x00007ffb0e49a000 	C:\Windows\System32\ucrtbase.dll
0x00007ffb012a0000 - 0x00007ffb012b5000 	C:\Program Files\Java\jdk-14.0.2\bin\VCRUNTIME140.dll
0x00007ffb01240000 - 0x00007ffb01258000 	C:\Program Files\Java\jdk-14.0.2\bin\jli.dll
0x00007ffb0e9e0000 - 0x00007ffb0ea83000 	C:\Windows\System32\ADVAPI32.dll
0x00007ffb0fb40000 - 0x00007ffb0fbde000 	C:\Windows\System32\msvcrt.dll
0x00007ffb10460000 - 0x00007ffb104f7000 	C:\Windows\System32\sechost.dll
0x00007ffb0f470000 - 0x00007ffb0f590000 	C:\Windows\System32\RPCRT4.dll
0x00007ffb0f9a0000 - 0x00007ffb0fb34000 	C:\Windows\System32\USER32.dll
0x00007ffb07670000 - 0x00007ffb078f4000 	C:\Windows\WinSxS\amd64_microsoft.windows.common-controls_6595b64144ccf1df_6.0.18362.1256_none_9e7e379be45e40e2\COMCTL32.dll
0x00007ffb0e520000 - 0x00007ffb0e541000 	C:\Windows\System32\win32u.dll
0x00007ffb0f130000 - 0x00007ffb0f466000 	C:\Windows\System32\combase.dll
0x00007ffb10410000 - 0x00007ffb10436000 	C:\Windows\System32\GDI32.dll
0x00007ffb0d740000 - 0x00007ffb0d8d6000 	C:\Windows\System32\gdi32full.dll
0x00007ffb0d6b0000 - 0x00007ffb0d731000 	C:\Windows\System32\bcryptPrimitives.dll
0x00007ffb0e550000 - 0x00007ffb0e5ee000 	C:\Windows\System32\msvcp_win.dll
0x00007ffb0a230000 - 0x00007ffb0a23a000 	C:\Windows\SYSTEM32\VERSION.dll
0x00007ffb0ec90000 - 0x00007ffb0ecbe000 	C:\Windows\System32\IMM32.DLL
0x00007ffb011a0000 - 0x00007ffb0123b000 	C:\Program Files\Java\jdk-14.0.2\bin\msvcp140.dll
0x00007ffa88320000 - 0x00007ffa88e3e000 	C:\Program Files\Java\jdk-14.0.2\bin\server\jvm.dll
0x00007ffb0f650000 - 0x00007ffb0f658000 	C:\Windows\System32\PSAPI.DLL
0x00007ffb02770000 - 0x00007ffb02794000 	C:\Windows\SYSTEM32\WINMM.dll
0x00007ffaff050000 - 0x00007ffaff059000 	C:\Windows\SYSTEM32\WSOCK32.dll
0x00007ffb0f930000 - 0x00007ffb0f99f000 	C:\Windows\System32\WS2_32.dll
0x00007ffb02530000 - 0x00007ffb0255d000 	C:\Windows\SYSTEM32\WINMMBASE.dll
0x00007ffb0d8e0000 - 0x00007ffb0d92a000 	C:\Windows\System32\cfgmgr32.dll
0x00007ffb0d440000 - 0x00007ffb0d451000 	C:\Windows\System32\kernel.appcore.dll
0x00007ffb05f90000 - 0x00007ffb05f9a000 	C:\Program Files\Java\jdk-14.0.2\bin\jimage.dll
0x00007ffb04230000 - 0x00007ffb04424000 	C:\Windows\SYSTEM32\DBGHELP.DLL
0x00007ffb03fc0000 - 0x00007ffb03fea000 	C:\Windows\SYSTEM32\dbgcore.DLL
0x00007ffb05120000 - 0x00007ffb05145000 	C:\Program Files\Java\jdk-14.0.2\bin\java.dll
0x00007ffb050b0000 - 0x00007ffb050c6000 	C:\Program Files\Java\jdk-14.0.2\bin\zip.dll

dbghelp: loaded successfully - version: 4.0.5 - missing functions: none
symbol engine: initialized successfully - sym options: 0x614 - pdb path: .;C:\Program Files\Java\jdk-14.0.2\bin;C:\Windows\SYSTEM32;C:\Windows\WinSxS\amd64_microsoft.windows.common-controls_6595b64144ccf1df_6.0.18362.1256_none_9e7e379be45e40e2;C:\Program Files\Java\jdk-14.0.2\bin\server

VM Arguments:
jvm_args: -Dfile.encoding=UTF-8 --module-path=E:\Documents\Hoc Online HUST\MiniProject\miniprojectJava\mysql-connector-java-5.1.39-bin.jar -XX:+ShowCodeDetailsInExceptionMessages 
java_command: controllers.layout
java_class_path (initial): E:\Documents\Hoc Online HUST\MiniProject\miniprojectJava\bin
Launcher Type: SUN_STANDARD

[Global flags]
     intx CICompilerCount                          = 3                                         {product} {ergonomic}
     uint ConcGCThreads                            = 1                                         {product} {ergonomic}
     uint G1ConcRefinementThreads                  = 4                                         {product} {ergonomic}
   size_t G1HeapRegionSize                         = 1048576                                   {product} {ergonomic}
    uintx GCDrainStackTargetSize                   = 64                                        {product} {ergonomic}
   size_t InitialHeapSize                          = 132120576                                 {product} {ergonomic}
   size_t MarkStackSize                            = 4194304                                   {product} {ergonomic}
   size_t MaxHeapSize                              = 2113929216                                {product} {ergonomic}
   size_t MinHeapDeltaBytes                        = 1048576                                   {product} {ergonomic}
   size_t MinHeapSize                              = 8388608                                   {product} {ergonomic}
    uintx NonNMethodCodeHeapSize                   = 5832780                                {pd product} {ergonomic}
    uintx NonProfiledCodeHeapSize                  = 122912730                              {pd product} {ergonomic}
    uintx ProfiledCodeHeapSize                     = 122912730                              {pd product} {ergonomic}
    uintx ReservedCodeCacheSize                    = 251658240                              {pd product} {ergonomic}
     bool SegmentedCodeCache                       = true                                      {product} {ergonomic}
     bool ShowCodeDetailsInExceptionMessages       = true                                   {manageable} {command line}
   size_t SoftMaxHeapSize                          = 2113929216                             {manageable} {ergonomic}
     bool UseCompressedClassPointers               = true                                 {lp64_product} {ergonomic}
     bool UseCompressedOops                        = true                                 {lp64_product} {ergonomic}
     bool UseG1GC                                  = true                                      {product} {ergonomic}
     bool UseLargePagesIndividualAllocation        = false                                  {pd product} {ergonomic}

Logging:
Log output configuration:
 #0: stdout all=warning uptime,level,tags
 #1: stderr all=off uptime,level,tags

Environment Variables:
PATH=C:/Program Files/Java/jdk-14.0.2/bin/server;C:/Program Files/Java/jdk-14.0.2/bin;C:\Program Files (x86)\Common Files\Oracle\Java\javapath;C:\Program Files\AdoptOpenJDK\jdk-11.0.8.10-hotspot\bin;C:\Program Files\AdoptOpenJDK\jdk-14.0.2.12-hotspot\bin;C:\Windows\system32;C:\Windows;C:\Windows\System32\Wbem;C:\Windows\System32\WindowsPowerShell\v1.0\;C:\Windows\System32\OpenSSH\;C:\Program Files\nodejs\;C:\Program Files (x86)\Microsoft SQL Server\100\Tools\Binn\;C:\Program Files\Microsoft SQL Server\100\Tools\Binn\;C:\Program Files\Microsoft SQL Server\100\DTS\Binn\;C:\Program Files (x86)\Microsoft SQL Server\100\Tools\Binn\VSShell\Common7\IDE\;C:\Program Files (x86)\Microsoft SQL Server\100\DTS\Binn\;C:\Program Files\IDM Computer Solutions\UltraFTP;C:\Program Files\Git\cmd;C:\Program Files\dotnet\;C:\Program Files\Microsoft SQL Server\130\Tools\Binn\;C:\Program Files\Microsoft SQL Server\Client SDK\ODBC\170\Tools\Binn\;C:\Users\DELL\AppData\Local\Microsoft\WindowsApps;C:\Users\DELL\AppData\Local\Programs\Microsoft VS Code\bin;C:\Users\DELL\AppData\Roaming\npm;C:\Users\DELL\AppData\Local\GitHubDesktop\bin;C:\Users\DELL\.dotnet\tools;C:\Windows\system32;
USERNAME=DELL
OS=Windows_NT
PROCESSOR_IDENTIFIER=Intel64 Family 6 Model 142 Stepping 9, GenuineIntel



---------------  S Y S T E M  ---------------

OS: Windows 10 , 64 bit Build 18362 (10.0.18362.1110)
OS uptime: 1 days 6:37 hours

CPU:total 4 (initial active 4) (2 cores per cpu, 2 threads per core) family 6 model 142 stepping 9, cmov, cx8, fxsr, mmx, sse, sse2, sse3, ssse3, sse4.1, sse4.2, popcnt, avx, avx2, aes, clmul, erms, 3dnowpref, lzcnt, ht, tsc, tscinvbit, bmi1, bmi2, adx, fma

Memory: 4k page, system-wide physical 8062M (2083M free)
TotalPageFile size 19062M (AvailPageFile size 80M)
current process WorkingSet (physical memory assigned to process): 10M, peak: 10M
current process commit charge ("private bytes"): 52M, peak: 178M

vm_info: Java HotSpot(TM) 64-Bit Server VM (14.0.2+12-46) for windows-amd64 JRE (14.0.2+12-46), built on Jul  9 2020 00:35:52 by "mach5one" with MS VC++ 15.9 (VS2017)

END.
